<?xml version="1.0" encoding="UTF-8" ?>
<testsuite failures="0" time="0.375" errors="0" skipped="0" tests="5" name="com.serbrave.appfuse.test02.webapp.filter.LocaleFilterTest">
  <properties>
    <property name="java.runtime.name" value="Java(TM) SE Runtime Environment"/>
    <property name="sun.boot.library.path" value="d:\jdk1.6.0_26\jre\bin"/>
    <property name="java.vm.version" value="20.1-b02"/>
    <property name="java.vm.vendor" value="Sun Microsystems Inc."/>
    <property name="java.vendor.url" value="http://java.sun.com/"/>
    <property name="path.separator" value=";"/>
    <property name="guice.disable.misplaced.annotation.check" value="true"/>
    <property name="java.vm.name" value="Java HotSpot(TM) 64-Bit Server VM"/>
    <property name="file.encoding.pkg" value="sun.io"/>
    <property name="user.country" value="HK"/>
    <property name="sun.java.launcher" value="SUN_STANDARD"/>
    <property name="sun.os.patch.level" value=""/>
    <property name="java.vm.specification.name" value="Java Virtual Machine Specification"/>
    <property name="user.dir" value="C:\Users\Fujitsu\workspace\trading\ServiceContractSystem"/>
    <property name="java.runtime.version" value="1.6.0_26-b03"/>
    <property name="java.awt.graphicsenv" value="sun.awt.Win32GraphicsEnvironment"/>
    <property name="java.endorsed.dirs" value="d:\jdk1.6.0_26\jre\lib\endorsed"/>
    <property name="os.arch" value="amd64"/>
    <property name="java.io.tmpdir" value="C:\Users\Fujitsu\AppData\Local\Temp\"/>
    <property name="line.separator" value="
"/>
    <property name="java.vm.specification.vendor" value="Sun Microsystems Inc."/>
    <property name="user.variant" value=""/>
    <property name="os.name" value="Windows 7"/>
    <property name="classworlds.conf" value="c:\maven\apache-maven-3.0.4\bin\..\bin\m2.conf"/>
    <property name="sun.jnu.encoding" value="MS950_HKSCS"/>
    <property name="java.library.path" value="d:\jdk1.6.0_26\bin;C:\Windows\Sun\Java\bin;C:\Windows\system32;C:\Windows;C:\Program Files (x86)\PHP\sf_sandbox;C:\Program Files (x86)\PHP\;C:\Program Files (x86)\CollabNet\Subversion Client;C:\oraclexe\app\oracle\product\10.2.0\server\bin;C:\Windows\system32;C:\Windows;C:\Windows\System32\Wbem;C:\Windows\System32\WindowsPowerShell\v1.0\;c:\Program Files (x86)\ATI Technologies\ATI.ACE\Core-Static;c:\Program Files (x86)\Common Files\Roxio Shared\10.0\DLLShared\;C:\strawberry\c\bin;C:\strawberry\perl\site\bin;C:\strawberry\perl\bin;c:\mysql-cluster-gpl-7.1.9a-win32\bin;C:\Program Files\TortoiseSVN\bin;D:\apache-ant-1.8.2\svnkit;D:\apache-ant-1.8.2\bin;C:\Program Files\Microsoft Network Monitor 3\;C:\Program Files (x86)\Windows Grep;C:\Program Files (x86)\Heroku;C:\Program Files (x86)\git\bin;C:\Program Files (x86)\git\cmd;C:\Users\Fujitsu\AppData\Roaming\npm;C:\Program Files (x86)\nodejs\;C:\MINGW\CMake2.8\bin;C:\Program Files (x86)\Git\cmd;C:\Program Files (x86)\Git\bin;C:\Program Files (x86)\PHP\sf_sandbox;D:\apache-ant-1.8.2\svnkit;D:\apache-ant-1.8.2\bin;C:\Program Files (x86)\Nmap;C:\Program Files (x86)\Windows Grep;C:\Python27;c:\Jython2.5;c:\Program Files (x86)\nodejs;c:\maven\apache-maven-3.0.4\bin;."/>
    <property name="java.specification.name" value="Java Platform API Specification"/>
    <property name="java.class.version" value="50.0"/>
    <property name="sun.management.compiler" value="HotSpot 64-Bit Tiered Compilers"/>
    <property name="os.version" value="6.1"/>
    <property name="user.home" value="C:\Users\Fujitsu"/>
    <property name="user.timezone" value="Asia/Shanghai"/>
    <property name="java.awt.printerjob" value="sun.awt.windows.WPrinterJob"/>
    <property name="file.encoding" value="MS950_HKSCS"/>
    <property name="java.specification.version" value="1.6"/>
    <property name="user.name" value="Fujitsu"/>
    <property name="java.class.path" value="c:\maven\apache-maven-3.0.4\bin\..\boot\plexus-classworlds-2.4.jar"/>
    <property name="java.vm.specification.version" value="1.0"/>
    <property name="sun.arch.data.model" value="64"/>
    <property name="java.home" value="d:\jdk1.6.0_26\jre"/>
    <property name="sun.java.command" value="org.codehaus.plexus.classworlds.launcher.Launcher install"/>
    <property name="java.specification.vendor" value="Sun Microsystems Inc."/>
    <property name="user.language" value="zh"/>
    <property name="awt.toolkit" value="sun.awt.windows.WToolkit"/>
    <property name="java.vm.info" value="mixed mode"/>
    <property name="java.version" value="1.6.0_26"/>
    <property name="java.ext.dirs" value="d:\jdk1.6.0_26\jre\lib\ext;C:\Windows\Sun\Java\lib\ext"/>
    <property name="sun.boot.class.path" value="d:\jdk1.6.0_26\jre\lib\resources.jar;d:\jdk1.6.0_26\jre\lib\rt.jar;d:\jdk1.6.0_26\jre\lib\sunrsasign.jar;d:\jdk1.6.0_26\jre\lib\jsse.jar;d:\jdk1.6.0_26\jre\lib\jce.jar;d:\jdk1.6.0_26\jre\lib\charsets.jar;d:\jdk1.6.0_26\jre\lib\modules\jdk.boot.jar;d:\jdk1.6.0_26\jre\classes"/>
    <property name="java.vendor" value="Sun Microsystems Inc."/>
    <property name="maven.home" value="c:\maven\apache-maven-3.0.4\bin\.."/>
    <property name="file.separator" value="\"/>
    <property name="java.vendor.url.bug" value="http://java.sun.com/cgi-bin/bugreport.cgi"/>
    <property name="sun.cpu.endian" value="little"/>
    <property name="sun.io.unicode.encoding" value="UnicodeLittle"/>
    <property name="sun.desktop" value="windows"/>
    <property name="sun.cpu.isalist" value="amd64"/>
  </properties>
  <testcase time="0.219" classname="com.serbrave.appfuse.test02.webapp.filter.LocaleFilterTest" name="testSetLocaleInSessionWhenSessionIsNull"/>
  <testcase time="0.062" classname="com.serbrave.appfuse.test02.webapp.filter.LocaleFilterTest" name="testSetLocaleInSessionWhenSessionNotNull"/>
  <testcase time="0" classname="com.serbrave.appfuse.test02.webapp.filter.LocaleFilterTest" name="testSetInvalidLocale"/>
  <testcase time="0" classname="com.serbrave.appfuse.test02.webapp.filter.LocaleFilterTest" name="testJstlLocaleIsSet"/>
  <testcase time="0" classname="com.serbrave.appfuse.test02.webapp.filter.LocaleFilterTest" name="testLocaleAndCountry"/>
</testsuite>